C:\USERS\DHUMP\DOCUMENTS\DREW'S STUFF\COMPSCI\CS307\PROGRAM 1\PROGRAM1\PROGRAM1\DEBUG\GENETICSSIMDATAPARSER.OBJ
C:\USERS\DHUMP\DOCUMENTS\DREW'S STUFF\COMPSCI\CS307\PROGRAM 1\PROGRAM1\PROGRAM1\DEBUG\VC110.PDB
C:\USERS\DHUMP\DOCUMENTS\DREW'S STUFF\COMPSCI\CS307\PROGRAM 1\PROGRAM1\PROGRAM1\DEBUG\SIMULATION.OBJ
C:\USERS\DHUMP\DOCUMENTS\DREW'S STUFF\COMPSCI\CS307\PROGRAM 1\PROGRAM1\PROGRAM1\DEBUG\GENEINFO.OBJ
C:\USERS\DHUMP\DOCUMENTS\DREW'S STUFF\COMPSCI\CS307\PROGRAM 1\PROGRAM1\PROGRAM1\DEBUG\ORGANISM.OBJ
C:\USERS\DHUMP\DOCUMENTS\DREW'S STUFF\COMPSCI\CS307\PROGRAM 1\PROGRAM1\PROGRAM1\DEBUG\BREEDER.OBJ
C:\USERS\DHUMP\DOCUMENTS\DREW'S STUFF\COMPSCI\CS307\PROGRAM 1\PROGRAM1\PROGRAM1\DEBUG\MAIN.OBJ
C:\USERS\DHUMP\DOCUMENTS\DREW'S STUFF\COMPSCI\CS307\PROGRAM 1\PROGRAM1\DEBUG\PROGRAM1.ILK
C:\USERS\DHUMP\DOCUMENTS\DREW'S STUFF\COMPSCI\CS307\PROGRAM 1\PROGRAM1\DEBUG\PROGRAM1.EXE
C:\USERS\DHUMP\DOCUMENTS\DREW'S STUFF\COMPSCI\CS307\PROGRAM 1\PROGRAM1\DEBUG\PROGRAM1.PDB
C:\Users\dhump\Documents\Drew's Stuff\CompSci\CS307\Program 1\Program1\Program1\Debug\Breeder.obj
C:\Users\dhump\Documents\Drew's Stuff\CompSci\CS307\Program 1\Program1\Program1\Debug\GeneInfo.obj
C:\Users\dhump\Documents\Drew's Stuff\CompSci\CS307\Program 1\Program1\Program1\Debug\GeneticsSimDataParser.obj
C:\Users\dhump\Documents\Drew's Stuff\CompSci\CS307\Program 1\Program1\Program1\Debug\Main.obj
C:\Users\dhump\Documents\Drew's Stuff\CompSci\CS307\Program 1\Program1\Program1\Debug\Organism.obj
C:\Users\dhump\Documents\Drew's Stuff\CompSci\CS307\Program 1\Program1\Program1\Debug\Simulation.obj
C:\Users\dhump\Documents\Drew's Stuff\CompSci\CS307\Program 1\Program1\Program1\Debug\cl.command.1.tlog
C:\Users\dhump\Documents\Drew's Stuff\CompSci\CS307\Program 1\Program1\Program1\Debug\CL.read.1.tlog
C:\Users\dhump\Documents\Drew's Stuff\CompSci\CS307\Program 1\Program1\Program1\Debug\CL.write.1.tlog
C:\Users\dhump\Documents\Drew's Stuff\CompSci\CS307\Program 1\Program1\Program1\Debug\link-cvtres.read.1.tlog
C:\Users\dhump\Documents\Drew's Stuff\CompSci\CS307\Program 1\Program1\Program1\Debug\link-cvtres.write.1.tlog
C:\Users\dhump\Documents\Drew's Stuff\CompSci\CS307\Program 1\Program1\Program1\Debug\link-rc.read.1.tlog
C:\Users\dhump\Documents\Drew's Stuff\CompSci\CS307\Program 1\Program1\Program1\Debug\link-rc.write.1.tlog
C:\Users\dhump\Documents\Drew's Stuff\CompSci\CS307\Program 1\Program1\Program1\Debug\link.10100-cvtres.read.1.tlog
C:\Users\dhump\Documents\Drew's Stuff\CompSci\CS307\Program 1\Program1\Program1\Debug\link.10100-cvtres.write.1.tlog
C:\Users\dhump\Documents\Drew's Stuff\CompSci\CS307\Program 1\Program1\Program1\Debug\link.10100-rc.read.1.tlog
C:\Users\dhump\Documents\Drew's Stuff\CompSci\CS307\Program 1\Program1\Program1\Debug\link.10100-rc.write.1.tlog
C:\Users\dhump\Documents\Drew's Stuff\CompSci\CS307\Program 1\Program1\Program1\Debug\link.10100.read.1.tlog
C:\Users\dhump\Documents\Drew's Stuff\CompSci\CS307\Program 1\Program1\Program1\Debug\link.10100.write.1.tlog
C:\Users\dhump\Documents\Drew's Stuff\CompSci\CS307\Program 1\Program1\Program1\Debug\link.11088-cvtres.read.1.tlog
C:\Users\dhump\Documents\Drew's Stuff\CompSci\CS307\Program 1\Program1\Program1\Debug\link.11088-cvtres.write.1.tlog
C:\Users\dhump\Documents\Drew's Stuff\CompSci\CS307\Program 1\Program1\Program1\Debug\link.11088-rc.read.1.tlog
C:\Users\dhump\Documents\Drew's Stuff\CompSci\CS307\Program 1\Program1\Program1\Debug\link.11088-rc.write.1.tlog
C:\Users\dhump\Documents\Drew's Stuff\CompSci\CS307\Program 1\Program1\Program1\Debug\link.11088.read.1.tlog
C:\Users\dhump\Documents\Drew's Stuff\CompSci\CS307\Program 1\Program1\Program1\Debug\link.11088.write.1.tlog
C:\Users\dhump\Documents\Drew's Stuff\CompSci\CS307\Program 1\Program1\Program1\Debug\link.11096-cvtres.read.1.tlog
C:\Users\dhump\Documents\Drew's Stuff\CompSci\CS307\Program 1\Program1\Program1\Debug\link.11096-cvtres.write.1.tlog
C:\Users\dhump\Documents\Drew's Stuff\CompSci\CS307\Program 1\Program1\Program1\Debug\link.11096-rc.read.1.tlog
C:\Users\dhump\Documents\Drew's Stuff\CompSci\CS307\Program 1\Program1\Program1\Debug\link.11096-rc.write.1.tlog
C:\Users\dhump\Documents\Drew's Stuff\CompSci\CS307\Program 1\Program1\Program1\Debug\link.11096.read.1.tlog
C:\Users\dhump\Documents\Drew's Stuff\CompSci\CS307\Program 1\Program1\Program1\Debug\link.11096.write.1.tlog
C:\Users\dhump\Documents\Drew's Stuff\CompSci\CS307\Program 1\Program1\Program1\Debug\link.11304-cvtres.read.1.tlog
C:\Users\dhump\Documents\Drew's Stuff\CompSci\CS307\Program 1\Program1\Program1\Debug\link.11304-cvtres.write.1.tlog
C:\Users\dhump\Documents\Drew's Stuff\CompSci\CS307\Program 1\Program1\Program1\Debug\link.11304-rc.read.1.tlog
C:\Users\dhump\Documents\Drew's Stuff\CompSci\CS307\Program 1\Program1\Program1\Debug\link.11304-rc.write.1.tlog
C:\Users\dhump\Documents\Drew's Stuff\CompSci\CS307\Program 1\Program1\Program1\Debug\link.11304.read.1.tlog
C:\Users\dhump\Documents\Drew's Stuff\CompSci\CS307\Program 1\Program1\Program1\Debug\link.11304.write.1.tlog
C:\Users\dhump\Documents\Drew's Stuff\CompSci\CS307\Program 1\Program1\Program1\Debug\link.12412-cvtres.read.1.tlog
C:\Users\dhump\Documents\Drew's Stuff\CompSci\CS307\Program 1\Program1\Program1\Debug\link.12412-cvtres.write.1.tlog
C:\Users\dhump\Documents\Drew's Stuff\CompSci\CS307\Program 1\Program1\Program1\Debug\link.12412-rc.read.1.tlog
C:\Users\dhump\Documents\Drew's Stuff\CompSci\CS307\Program 1\Program1\Program1\Debug\link.12412-rc.write.1.tlog
C:\Users\dhump\Documents\Drew's Stuff\CompSci\CS307\Program 1\Program1\Program1\Debug\link.12412.read.1.tlog
C:\Users\dhump\Documents\Drew's Stuff\CompSci\CS307\Program 1\Program1\Program1\Debug\link.12412.write.1.tlog
C:\Users\dhump\Documents\Drew's Stuff\CompSci\CS307\Program 1\Program1\Program1\Debug\link.14340-cvtres.read.1.tlog
C:\Users\dhump\Documents\Drew's Stuff\CompSci\CS307\Program 1\Program1\Program1\Debug\link.14340-cvtres.write.1.tlog
C:\Users\dhump\Documents\Drew's Stuff\CompSci\CS307\Program 1\Program1\Program1\Debug\link.14340-rc.read.1.tlog
C:\Users\dhump\Documents\Drew's Stuff\CompSci\CS307\Program 1\Program1\Program1\Debug\link.14340-rc.write.1.tlog
C:\Users\dhump\Documents\Drew's Stuff\CompSci\CS307\Program 1\Program1\Program1\Debug\link.14340.read.1.tlog
C:\Users\dhump\Documents\Drew's Stuff\CompSci\CS307\Program 1\Program1\Program1\Debug\link.14340.write.1.tlog
C:\Users\dhump\Documents\Drew's Stuff\CompSci\CS307\Program 1\Program1\Program1\Debug\link.14700-cvtres.read.1.tlog
C:\Users\dhump\Documents\Drew's Stuff\CompSci\CS307\Program 1\Program1\Program1\Debug\link.14700-cvtres.write.1.tlog
C:\Users\dhump\Documents\Drew's Stuff\CompSci\CS307\Program 1\Program1\Program1\Debug\link.14700-rc.read.1.tlog
C:\Users\dhump\Documents\Drew's Stuff\CompSci\CS307\Program 1\Program1\Program1\Debug\link.14700-rc.write.1.tlog
C:\Users\dhump\Documents\Drew's Stuff\CompSci\CS307\Program 1\Program1\Program1\Debug\link.14700.read.1.tlog
C:\Users\dhump\Documents\Drew's Stuff\CompSci\CS307\Program 1\Program1\Program1\Debug\link.14700.write.1.tlog
C:\Users\dhump\Documents\Drew's Stuff\CompSci\CS307\Program 1\Program1\Program1\Debug\link.15252-cvtres.read.1.tlog
C:\Users\dhump\Documents\Drew's Stuff\CompSci\CS307\Program 1\Program1\Program1\Debug\link.15252-cvtres.write.1.tlog
C:\Users\dhump\Documents\Drew's Stuff\CompSci\CS307\Program 1\Program1\Program1\Debug\link.15252-rc.read.1.tlog
C:\Users\dhump\Documents\Drew's Stuff\CompSci\CS307\Program 1\Program1\Program1\Debug\link.15252-rc.write.1.tlog
C:\Users\dhump\Documents\Drew's Stuff\CompSci\CS307\Program 1\Program1\Program1\Debug\link.15252.read.1.tlog
C:\Users\dhump\Documents\Drew's Stuff\CompSci\CS307\Program 1\Program1\Program1\Debug\link.15252.write.1.tlog
C:\Users\dhump\Documents\Drew's Stuff\CompSci\CS307\Program 1\Program1\Program1\Debug\link.16260-cvtres.read.1.tlog
C:\Users\dhump\Documents\Drew's Stuff\CompSci\CS307\Program 1\Program1\Program1\Debug\link.16260-cvtres.write.1.tlog
C:\Users\dhump\Documents\Drew's Stuff\CompSci\CS307\Program 1\Program1\Program1\Debug\link.16260-rc.read.1.tlog
C:\Users\dhump\Documents\Drew's Stuff\CompSci\CS307\Program 1\Program1\Program1\Debug\link.16260-rc.write.1.tlog
C:\Users\dhump\Documents\Drew's Stuff\CompSci\CS307\Program 1\Program1\Program1\Debug\link.16260.read.1.tlog
C:\Users\dhump\Documents\Drew's Stuff\CompSci\CS307\Program 1\Program1\Program1\Debug\link.16260.write.1.tlog
C:\Users\dhump\Documents\Drew's Stuff\CompSci\CS307\Program 1\Program1\Program1\Debug\link.16340-cvtres.read.1.tlog
C:\Users\dhump\Documents\Drew's Stuff\CompSci\CS307\Program 1\Program1\Program1\Debug\link.16340-cvtres.write.1.tlog
C:\Users\dhump\Documents\Drew's Stuff\CompSci\CS307\Program 1\Program1\Program1\Debug\link.16340-rc.read.1.tlog
C:\Users\dhump\Documents\Drew's Stuff\CompSci\CS307\Program 1\Program1\Program1\Debug\link.16340-rc.write.1.tlog
C:\Users\dhump\Documents\Drew's Stuff\CompSci\CS307\Program 1\Program1\Program1\Debug\link.16340.read.1.tlog
C:\Users\dhump\Documents\Drew's Stuff\CompSci\CS307\Program 1\Program1\Program1\Debug\link.16340.write.1.tlog
C:\Users\dhump\Documents\Drew's Stuff\CompSci\CS307\Program 1\Program1\Program1\Debug\link.16596-cvtres.read.1.tlog
C:\Users\dhump\Documents\Drew's Stuff\CompSci\CS307\Program 1\Program1\Program1\Debug\link.16596-cvtres.write.1.tlog
C:\Users\dhump\Documents\Drew's Stuff\CompSci\CS307\Program 1\Program1\Program1\Debug\link.16596-rc.read.1.tlog
C:\Users\dhump\Documents\Drew's Stuff\CompSci\CS307\Program 1\Program1\Program1\Debug\link.16596-rc.write.1.tlog
C:\Users\dhump\Documents\Drew's Stuff\CompSci\CS307\Program 1\Program1\Program1\Debug\link.16596.read.1.tlog
C:\Users\dhump\Documents\Drew's Stuff\CompSci\CS307\Program 1\Program1\Program1\Debug\link.16596.write.1.tlog
C:\Users\dhump\Documents\Drew's Stuff\CompSci\CS307\Program 1\Program1\Program1\Debug\link.16800-cvtres.read.1.tlog
C:\Users\dhump\Documents\Drew's Stuff\CompSci\CS307\Program 1\Program1\Program1\Debug\link.16800-cvtres.write.1.tlog
C:\Users\dhump\Documents\Drew's Stuff\CompSci\CS307\Program 1\Program1\Program1\Debug\link.16800-rc.read.1.tlog
C:\Users\dhump\Documents\Drew's Stuff\CompSci\CS307\Program 1\Program1\Program1\Debug\link.16800-rc.write.1.tlog
C:\Users\dhump\Documents\Drew's Stuff\CompSci\CS307\Program 1\Program1\Program1\Debug\link.16800.read.1.tlog
C:\Users\dhump\Documents\Drew's Stuff\CompSci\CS307\Program 1\Program1\Program1\Debug\link.16800.write.1.tlog
C:\Users\dhump\Documents\Drew's Stuff\CompSci\CS307\Program 1\Program1\Program1\Debug\link.17636-cvtres.read.1.tlog
C:\Users\dhump\Documents\Drew's Stuff\CompSci\CS307\Program 1\Program1\Program1\Debug\link.17636-cvtres.write.1.tlog
C:\Users\dhump\Documents\Drew's Stuff\CompSci\CS307\Program 1\Program1\Program1\Debug\link.17636-rc.read.1.tlog
C:\Users\dhump\Documents\Drew's Stuff\CompSci\CS307\Program 1\Program1\Program1\Debug\link.17636-rc.write.1.tlog
C:\Users\dhump\Documents\Drew's Stuff\CompSci\CS307\Program 1\Program1\Program1\Debug\link.17636.read.1.tlog
C:\Users\dhump\Documents\Drew's Stuff\CompSci\CS307\Program 1\Program1\Program1\Debug\link.17636.write.1.tlog
C:\Users\dhump\Documents\Drew's Stuff\CompSci\CS307\Program 1\Program1\Program1\Debug\link.18580-cvtres.read.1.tlog
C:\Users\dhump\Documents\Drew's Stuff\CompSci\CS307\Program 1\Program1\Program1\Debug\link.18580-cvtres.write.1.tlog
C:\Users\dhump\Documents\Drew's Stuff\CompSci\CS307\Program 1\Program1\Program1\Debug\link.18580-rc.read.1.tlog
C:\Users\dhump\Documents\Drew's Stuff\CompSci\CS307\Program 1\Program1\Program1\Debug\link.18580-rc.write.1.tlog
C:\Users\dhump\Documents\Drew's Stuff\CompSci\CS307\Program 1\Program1\Program1\Debug\link.18580.read.1.tlog
C:\Users\dhump\Documents\Drew's Stuff\CompSci\CS307\Program 1\Program1\Program1\Debug\link.18580.write.1.tlog
C:\Users\dhump\Documents\Drew's Stuff\CompSci\CS307\Program 1\Program1\Program1\Debug\link.19280-cvtres.read.1.tlog
C:\Users\dhump\Documents\Drew's Stuff\CompSci\CS307\Program 1\Program1\Program1\Debug\link.19280-cvtres.write.1.tlog
C:\Users\dhump\Documents\Drew's Stuff\CompSci\CS307\Program 1\Program1\Program1\Debug\link.19280-rc.read.1.tlog
C:\Users\dhump\Documents\Drew's Stuff\CompSci\CS307\Program 1\Program1\Program1\Debug\link.19280-rc.write.1.tlog
C:\Users\dhump\Documents\Drew's Stuff\CompSci\CS307\Program 1\Program1\Program1\Debug\link.19280.read.1.tlog
C:\Users\dhump\Documents\Drew's Stuff\CompSci\CS307\Program 1\Program1\Program1\Debug\link.19280.write.1.tlog
C:\Users\dhump\Documents\Drew's Stuff\CompSci\CS307\Program 1\Program1\Program1\Debug\link.19284-cvtres.read.1.tlog
C:\Users\dhump\Documents\Drew's Stuff\CompSci\CS307\Program 1\Program1\Program1\Debug\link.19284-cvtres.write.1.tlog
C:\Users\dhump\Documents\Drew's Stuff\CompSci\CS307\Program 1\Program1\Program1\Debug\link.19284-rc.read.1.tlog
C:\Users\dhump\Documents\Drew's Stuff\CompSci\CS307\Program 1\Program1\Program1\Debug\link.19284-rc.write.1.tlog
C:\Users\dhump\Documents\Drew's Stuff\CompSci\CS307\Program 1\Program1\Program1\Debug\link.19284.read.1.tlog
C:\Users\dhump\Documents\Drew's Stuff\CompSci\CS307\Program 1\Program1\Program1\Debug\link.19284.write.1.tlog
C:\Users\dhump\Documents\Drew's Stuff\CompSci\CS307\Program 1\Program1\Program1\Debug\link.3744-cvtres.read.1.tlog
C:\Users\dhump\Documents\Drew's Stuff\CompSci\CS307\Program 1\Program1\Program1\Debug\link.3744-cvtres.write.1.tlog
C:\Users\dhump\Documents\Drew's Stuff\CompSci\CS307\Program 1\Program1\Program1\Debug\link.3744-rc.read.1.tlog
C:\Users\dhump\Documents\Drew's Stuff\CompSci\CS307\Program 1\Program1\Program1\Debug\link.3744-rc.write.1.tlog
C:\Users\dhump\Documents\Drew's Stuff\CompSci\CS307\Program 1\Program1\Program1\Debug\link.3744.read.1.tlog
C:\Users\dhump\Documents\Drew's Stuff\CompSci\CS307\Program 1\Program1\Program1\Debug\link.3744.write.1.tlog
C:\Users\dhump\Documents\Drew's Stuff\CompSci\CS307\Program 1\Program1\Program1\Debug\link.3876-cvtres.read.1.tlog
C:\Users\dhump\Documents\Drew's Stuff\CompSci\CS307\Program 1\Program1\Program1\Debug\link.3876-cvtres.write.1.tlog
C:\Users\dhump\Documents\Drew's Stuff\CompSci\CS307\Program 1\Program1\Program1\Debug\link.3876-rc.read.1.tlog
C:\Users\dhump\Documents\Drew's Stuff\CompSci\CS307\Program 1\Program1\Program1\Debug\link.3876-rc.write.1.tlog
C:\Users\dhump\Documents\Drew's Stuff\CompSci\CS307\Program 1\Program1\Program1\Debug\link.3876.read.1.tlog
C:\Users\dhump\Documents\Drew's Stuff\CompSci\CS307\Program 1\Program1\Program1\Debug\link.3876.write.1.tlog
C:\Users\dhump\Documents\Drew's Stuff\CompSci\CS307\Program 1\Program1\Program1\Debug\link.3988-cvtres.read.1.tlog
C:\Users\dhump\Documents\Drew's Stuff\CompSci\CS307\Program 1\Program1\Program1\Debug\link.3988-cvtres.write.1.tlog
C:\Users\dhump\Documents\Drew's Stuff\CompSci\CS307\Program 1\Program1\Program1\Debug\link.3988-rc.read.1.tlog
C:\Users\dhump\Documents\Drew's Stuff\CompSci\CS307\Program 1\Program1\Program1\Debug\link.3988-rc.write.1.tlog
C:\Users\dhump\Documents\Drew's Stuff\CompSci\CS307\Program 1\Program1\Program1\Debug\link.3988.read.1.tlog
C:\Users\dhump\Documents\Drew's Stuff\CompSci\CS307\Program 1\Program1\Program1\Debug\link.3988.write.1.tlog
C:\Users\dhump\Documents\Drew's Stuff\CompSci\CS307\Program 1\Program1\Program1\Debug\link.5924-cvtres.read.1.tlog
C:\Users\dhump\Documents\Drew's Stuff\CompSci\CS307\Program 1\Program1\Program1\Debug\link.5924-cvtres.write.1.tlog
C:\Users\dhump\Documents\Drew's Stuff\CompSci\CS307\Program 1\Program1\Program1\Debug\link.5924-rc.read.1.tlog
C:\Users\dhump\Documents\Drew's Stuff\CompSci\CS307\Program 1\Program1\Program1\Debug\link.5924-rc.write.1.tlog
C:\Users\dhump\Documents\Drew's Stuff\CompSci\CS307\Program 1\Program1\Program1\Debug\link.5924.read.1.tlog
C:\Users\dhump\Documents\Drew's Stuff\CompSci\CS307\Program 1\Program1\Program1\Debug\link.5924.write.1.tlog
C:\Users\dhump\Documents\Drew's Stuff\CompSci\CS307\Program 1\Program1\Program1\Debug\link.7176-cvtres.read.1.tlog
C:\Users\dhump\Documents\Drew's Stuff\CompSci\CS307\Program 1\Program1\Program1\Debug\link.7176-cvtres.write.1.tlog
C:\Users\dhump\Documents\Drew's Stuff\CompSci\CS307\Program 1\Program1\Program1\Debug\link.7176-rc.read.1.tlog
C:\Users\dhump\Documents\Drew's Stuff\CompSci\CS307\Program 1\Program1\Program1\Debug\link.7176-rc.write.1.tlog
C:\Users\dhump\Documents\Drew's Stuff\CompSci\CS307\Program 1\Program1\Program1\Debug\link.7176.read.1.tlog
C:\Users\dhump\Documents\Drew's Stuff\CompSci\CS307\Program 1\Program1\Program1\Debug\link.7176.write.1.tlog
C:\Users\dhump\Documents\Drew's Stuff\CompSci\CS307\Program 1\Program1\Program1\Debug\link.8724-cvtres.read.1.tlog
C:\Users\dhump\Documents\Drew's Stuff\CompSci\CS307\Program 1\Program1\Program1\Debug\link.8724-cvtres.write.1.tlog
C:\Users\dhump\Documents\Drew's Stuff\CompSci\CS307\Program 1\Program1\Program1\Debug\link.8724-rc.read.1.tlog
C:\Users\dhump\Documents\Drew's Stuff\CompSci\CS307\Program 1\Program1\Program1\Debug\link.8724-rc.write.1.tlog
C:\Users\dhump\Documents\Drew's Stuff\CompSci\CS307\Program 1\Program1\Program1\Debug\link.8724.read.1.tlog
C:\Users\dhump\Documents\Drew's Stuff\CompSci\CS307\Program 1\Program1\Program1\Debug\link.8724.write.1.tlog
C:\Users\dhump\Documents\Drew's Stuff\CompSci\CS307\Program 1\Program1\Program1\Debug\link.9336-cvtres.read.1.tlog
C:\Users\dhump\Documents\Drew's Stuff\CompSci\CS307\Program 1\Program1\Program1\Debug\link.9336-cvtres.write.1.tlog
C:\Users\dhump\Documents\Drew's Stuff\CompSci\CS307\Program 1\Program1\Program1\Debug\link.9336-rc.read.1.tlog
C:\Users\dhump\Documents\Drew's Stuff\CompSci\CS307\Program 1\Program1\Program1\Debug\link.9336-rc.write.1.tlog
C:\Users\dhump\Documents\Drew's Stuff\CompSci\CS307\Program 1\Program1\Program1\Debug\link.9336.read.1.tlog
C:\Users\dhump\Documents\Drew's Stuff\CompSci\CS307\Program 1\Program1\Program1\Debug\link.9336.write.1.tlog
C:\Users\dhump\Documents\Drew's Stuff\CompSci\CS307\Program 1\Program1\Program1\Debug\link.command.1.tlog
C:\Users\dhump\Documents\Drew's Stuff\CompSci\CS307\Program 1\Program1\Program1\Debug\link.read.1.tlog
C:\Users\dhump\Documents\Drew's Stuff\CompSci\CS307\Program 1\Program1\Program1\Debug\link.write.1.tlog
C:\Users\dhump\Documents\Drew's Stuff\CompSci\CS307\Program 1\Program1\Program1\Debug\vc110.idb
C:\Users\dhump\Documents\Drew's Stuff\CompSci\CS307\Program 1\Program1\Program1\Debug\vc110.pdb
C:\Users\dhump\Documents\Drew's Stuff\CompSci\CS307\Program 1\Program1\Debug\Program1.pdb
C:\Users\dhump\Documents\Drew's Stuff\CompSci\CS307\Program 1\Program1\Debug\Program1.exe
C:\Users\dhump\Documents\Drew's Stuff\CompSci\CS307\Program 1\Program1\Debug\Program1.ilk
